Unity Editor version:    2021.3.9f1 (ad3870b89536)
Branch:                  2021.3/staging
Build type:              Release
Batch mode:              YES
macOS version:           Version 12.5.1 (Build 21G83)
Darwin version:          21.6.0
Architecture:            x86_64
Running under Rosetta:   NO
Available memory:        16384 MB
Using pre-set license
Pro License: YES

COMMAND LINE ARGUMENTS:
/Applications/Unity/Hub/Editor/2021.3.9f1/Unity.app/Contents/MacOS/Unity
-adb2
-batchMode
-noUpm
-name
AssetImportWorker0
-projectPath
/Users/gregoryarnal/dev/FreeLance/Lermar/Lermar
-logFile
Logs/AssetImportWorker0.log
-srvPort
56285
Successfully changed project path to: /Users/gregoryarnal/dev/FreeLance/Lermar/Lermar
/Users/gregoryarnal/dev/FreeLance/Lermar/Lermar
[UnityMemory] Configuration Parameters - Can be set up in boot.config
    "memorysetup-bucket-allocator-granularity=16"
    "memorysetup-bucket-allocator-bucket-count=8"
    "memorysetup-bucket-allocator-block-size=33554432"
    "memorysetup-bucket-allocator-block-count=8"
    "memorysetup-main-allocator-block-size=16777216"
    "memorysetup-thread-allocator-block-size=16777216"
    "memorysetup-gfx-main-allocator-block-size=16777216"
    "memorysetup-gfx-thread-allocator-block-size=16777216"
    "memorysetup-cache-allocator-block-size=4194304"
    "memorysetup-typetree-allocator-block-size=2097152"
    "memorysetup-profiler-bucket-allocator-granularity=16"
    "memorysetup-profiler-bucket-allocator-bucket-count=8"
    "memorysetup-profiler-bucket-allocator-block-size=33554432"
    "memorysetup-profiler-bucket-allocator-block-count=8"
    "memorysetup-profiler-allocator-block-size=16777216"
    "memorysetup-profiler-editor-allocator-block-size=1048576"
    "memorysetup-temp-allocator-size-main=16777216"
    "memorysetup-job-temp-allocator-block-size=2097152"
    "memorysetup-job-temp-allocator-block-size-background=1048576"
    "memorysetup-job-temp-allocator-reduction-small-platforms=262144"
    "memorysetup-temp-allocator-size-background-worker=32768"
    "memorysetup-temp-allocator-size-job-worker=262144"
    "memorysetup-temp-allocator-size-preload-manager=33554432"
    "memorysetup-temp-allocator-size-nav-mesh-worker=65536"
    "memorysetup-temp-allocator-size-audio-worker=65536"
    "memorysetup-temp-allocator-size-cloud-worker=32768"
    "memorysetup-temp-allocator-size-gi-baking-worker=262144"
    "memorysetup-temp-allocator-size-gfx=262144"
Refreshing native plugins compatible for Editor in 239.06 ms, found 2 plugins.
Preloading 0 native plugins for Editor in 0.00 ms.
Initialize engine version: 2021.3.9f1 (ad3870b89536)
[Subsystems] Discovering subsystems at path /Applications/Unity/Hub/Editor/2021.3.9f1/Unity.app/Contents/Resources/UnitySubsystems
[Subsystems] Discovering subsystems at path /Users/gregoryarnal/dev/FreeLance/Lermar/Lermar/Assets
GfxDevice: creating device client; threaded=0; jobified=0
Color LCD preferred device: AMD Radeon Pro 555 (high power)
Metal devices available: 2
0: AMD Radeon Pro 555 (high power)
1: Intel(R) HD Graphics 630 (low power)
Using device AMD Radeon Pro 555 (high power)
Initializing Metal device caps: AMD Radeon Pro 555
Initialize mono
Mono path[0] = '/Applications/Unity/Hub/Editor/2021.3.9f1/Unity.app/Contents/Managed'
Mono path[1] = '/Applications/Unity/Hub/Editor/2021.3.9f1/Unity.app/Contents/MonoBleedingEdge/lib/mono/unityjit-macos'
Mono config path = '/Applications/Unity/Hub/Editor/2021.3.9f1/Unity.app/Contents/MonoBleedingEdge/etc'
Using monoOptions --debugger-agent=transport=dt_socket,embedding=1,server=y,suspend=n,address=127.0.0.1:56738
Begin MonoManager ReloadAssembly
Registering precompiled unity dll's ...
Register platform support module: /Applications/Unity/Hub/Editor/2021.3.9f1/PlaybackEngines/WebGLSupport/UnityEditor.WebGL.Extensions.dll
Register platform support module: /Applications/Unity/Hub/Editor/2021.3.9f1/Unity.app/Contents/PlaybackEngines/MacStandaloneSupport/UnityEditor.OSXStandalone.Extensions.dll
Registered in 0.004123 seconds.
Native extension for OSXStandalone target not found
Native extension for WebGL target not found
Refreshing native plugins compatible for Editor in 229.22 ms, found 2 plugins.
Preloading 0 native plugins for Editor in 0.00 ms.
Mono: successfully reloaded assembly
- Completed reload, in  2.295 seconds
Domain Reload Profiling:
	ReloadAssembly (2296ms)
		BeginReloadAssembly (184ms)
			ExecutionOrderSort (0ms)
			DisableScriptedObjects (0ms)
			BackupInstance (0ms)
			ReleaseScriptingObjects (0ms)
			CreateAndSetChildDomain (2ms)
		EndReloadAssembly (1750ms)
			LoadAssemblies (184ms)
			RebuildTransferFunctionScriptingTraits (0ms)
			SetupTypeCache (489ms)
			ReleaseScriptCaches (0ms)
			RebuildScriptCaches (127ms)
			SetupLoadedEditorAssemblies (943ms)
				LogAssemblyErrors (0ms)
				InitializePlatformSupportModulesInManaged (23ms)
				SetLoadedEditorAssemblies (1ms)
				RefreshPlugins (229ms)
				BeforeProcessingInitializeOnLoad (4ms)
				ProcessInitializeOnLoadAttributes (527ms)
				ProcessInitializeOnLoadMethodAttributes (159ms)
				AfterProcessingInitializeOnLoad (0ms)
				EditorAssembliesLoaded (0ms)
			ExecutionOrderSort2 (0ms)
			AwakeInstancesAfterBackupRestoration (0ms)
Platform modules already initialized, skipping
Registering precompiled user dll's ...
Registered in 0.012612 seconds.
Begin MonoManager ReloadAssembly
Symbol file LoadedFromMemory doesn't match image /Users/gregoryarnal/dev/FreeLance/Lermar/Lermar/Library/PackageCache/com.unity.visualscripting@1.7.8/Editor/VisualScripting.Core/Dependencies/YamlDotNet/Unity.VisualScripting.YamlDotNet.dll
Symbol file LoadedFromMemory doesn't match image /Users/gregoryarnal/dev/FreeLance/Lermar/Lermar/Library/PackageCache/com.unity.visualscripting@1.7.8/Editor/VisualScripting.Core/Dependencies/DotNetZip/Unity.VisualScripting.IonicZip.dll
Native extension for OSXStandalone target not found
Native extension for WebGL target not found
Refreshing native plugins compatible for Editor in 1.50 ms, found 2 plugins.
Preloading 0 native plugins for Editor in 0.00 ms.
System.Exception: Error! Visual Scripting: couldn't find visual scripting package
  at Unity.VisualScripting.PackageVersionUtility.get_version () [0x00025] in /Users/gregoryarnal/dev/FreeLance/Lermar/Lermar/Library/PackageCache/com.unity.visualscripting@1.7.8/Editor/VisualScripting.Core/Utilities/PackageVersionUtility.cs:22 
  at Unity.VisualScripting.BoltCoreManifest.get_version () [0x00000] in /Users/gregoryarnal/dev/FreeLance/Lermar/Lermar/Library/PackageCache/com.unity.visualscripting@1.7.8/Editor/VisualScripting.Core/Plugin/BoltCoreManifest.cs:11 
  at Unity.VisualScripting.PluginManifest.get_currentVersion () [0x00000] in /Users/gregoryarnal/dev/FreeLance/Lermar/Lermar/Library/PackageCache/com.unity.visualscripting@1.7.8/Editor/VisualScripting.Core/Plugins/PluginManifest.cs:33 
  at Unity.VisualScripting.PluginManifest.get_versionMismatch () [0x00000] in /Users/gregoryarnal/dev/FreeLance/Lermar/Lermar/Library/PackageCache/com.unity.visualscripting@1.7.8/Editor/VisualScripting.Core/Plugins/PluginManifest.cs:48 
  at Unity.VisualScripting.PluginContainer.Initialize () [0x0057d] in /Users/gregoryarnal/dev/FreeLance/Lermar/Lermar/Library/PackageCache/com.unity.visualscripting@1.7.8/Editor/VisualScripting.Core/Plugins/PluginContainer.cs:208 
  at Unity.VisualScripting.PluginContainer.InitializeOnLoad () [0x00012] in /Users/gregoryarnal/dev/FreeLance/Lermar/Lermar/Library/PackageCache/com.unity.visualscripting@1.7.8/Editor/VisualScripting.Core/Plugins/PluginContainer.cs:32 
  at Unity.VisualScripting.VSUsageUtility.DoInitializeOnLoadCalls () [0x00044] in /Users/gregoryarnal/dev/FreeLance/Lermar/Lermar/Library/PackageCache/com.unity.visualscripting@1.7.8/Editor/VisualScripting.Core/Utilities/VSUsageUtility.cs:76 
  at Unity.VisualScripting.VSUsageUtility.set_isVisualScriptingUsed (System.Boolean value) [0x00037] in /Users/gregoryarnal/dev/FreeLance/Lermar/Lermar/Library/PackageCache/com.unity.visualscripting@1.7.8/Editor/VisualScripting.Core/Utilities/VSUsageUtility.cs:114 
  at Unity.VisualScripting.VSUsageUtility.CheckAndSetIsVisualScriptingUsed () [0x0003f] in /Users/gregoryarnal/dev/FreeLance/Lermar/Lermar/Library/PackageCache/com.unity.visualscripting@1.7.8/Editor/VisualScripting.Core/Utilities/VSUsageUtility.cs:48 
  at Unity.VisualScripting.VSUsageUtility..cctor () [0x0000d] in /Users/gregoryarnal/dev/FreeLance/Lermar/Lermar/Library/PackageCache/com.unity.visualscripting@1.7.8/Editor/VisualScripting.Core/Utilities/VSUsageUtility.cs:22 
UnityEngine.StackTraceUtility:ExtractStackTrace () (at /Users/bokken/buildslave/unity/build/Runtime/Export/Scripting/StackTrace.cs:37)
UnityEngine.DebugLogHandler:LogFormat (UnityEngine.LogType,UnityEngine.Object,string,object[])
UnityEngine.Logger:Log (UnityEngine.LogType,object)
UnityEngine.Debug:LogError (object)
UnityEditor.EditorAssemblies:ProcessInitializeOnLoadAttributes (System.Type[]) (at /Users/bokken/buildslave/unity/build/Editor/Mono/EditorAssemblies.cs:130)

(Filename: /Users/bokken/buildslave/unity/build/Editor/Mono/EditorAssemblies.cs Line: 130)

Mono: successfully reloaded assembly
- Completed reload, in  4.928 seconds
Domain Reload Profiling:
	ReloadAssembly (4931ms)
		BeginReloadAssembly (367ms)
			ExecutionOrderSort (0ms)
			DisableScriptedObjects (24ms)
			BackupInstance (0ms)
			ReleaseScriptingObjects (0ms)
			CreateAndSetChildDomain (65ms)
		EndReloadAssembly (4131ms)
			LoadAssemblies (243ms)
			RebuildTransferFunctionScriptingTraits (0ms)
			SetupTypeCache (893ms)
			ReleaseScriptCaches (1ms)
			RebuildScriptCaches (217ms)
			SetupLoadedEditorAssemblies (2645ms)
				LogAssemblyErrors (0ms)
				InitializePlatformSupportModulesInManaged (16ms)
				SetLoadedEditorAssemblies (2ms)
				RefreshPlugins (2ms)
				BeforeProcessingInitializeOnLoad (251ms)
				ProcessInitializeOnLoadAttributes (2271ms)
				ProcessInitializeOnLoadMethodAttributes (100ms)
				AfterProcessingInitializeOnLoad (3ms)
				EditorAssembliesLoaded (1ms)
			ExecutionOrderSort2 (0ms)
			AwakeInstancesAfterBackupRestoration (13ms)
Platform modules already initialized, skipping
========================================================================
Worker process is ready to serve import requests
Launching external process: /Applications/Unity/Hub/Editor/2021.3.9f1/Unity.app/Contents/Tools/UnityShaderCompiler
Launched and connected shader compiler UnityShaderCompiler after 0.48 seconds
Refreshing native plugins compatible for Editor in 1.37 ms, found 2 plugins.
Preloading 0 native plugins for Editor in 0.00 ms.
Unloading 3627 Unused Serialized files (Serialized files now loaded: 0)
Unloading 24 unused Assets / (43.4 KB). Loaded Objects now: 4089.
Memory consumption went from 245.0 MB to 244.9 MB.
Total: 49.998868 ms (FindLiveObjects: 0.573972 ms CreateObjectMapping: 0.757635 ms MarkObjects: 48.458970 ms  DeleteObjects: 0.205198 ms)

AssetImportParameters requested are different than current active one (requested -> active):
  custom:video-decoder-ogg-theora: a1e56fd34408186e4bbccfd4996cb3dc -> 
  custom:container-muxer-webm: aa71ff27fc2769a1b78a27578f13a17b -> 
  custom:container-demuxer-webm: 4f35f7cbe854078d1ac9338744f61a02 -> 
  custom:video-encoder-webm-vp8: eb34c28f22e8b96e1ab97ce403110664 -> 
  custom:framework-osx-AVFoundation: e770b220cccbd017edd2c1fefb359320 -> 
  custom:audio-encoder-webm-vorbis: bf7c407c2cedff20999df2af8eb42d56 -> 
  custom:container-demuxer-ogg: 62fdf1f143b41e24485cea50d1cbac27 -> 
  custom:video-decoder-webm-vp8: 9c59270c3fd7afecdb556c50c9e8de78 -> 
  custom:audio-decoder-ogg-vorbis: bf7c407c2cedff20999df2af8eb42d56 -> 
========================================================================
Received Import Request.
  Time since last request: 547109.018354 seconds.
  path: Assets/Art/Texture/game/ui/icons8-configuraci칩n-restaurar-copia-de-seguridad-48.png
  artifactKey: Guid(c50fe17390f548242a48d539ed61c280) Importer(815301076,1909f56bfc062723c751e8b465ee728b)
Start importing Assets/Art/Texture/game/ui/icons8-configuraci칩n-restaurar-copia-de-seguridad-48.png using Guid(c50fe17390f548242a48d539ed61c280) Importer(815301076,1909f56bfc062723c751e8b465ee728b)  -> (artifact id: '5ae35f2272bebef88057c27f83c9cb58') in 2.478295 seconds 
========================================================================
Received Import Request.
  Time since last request: 0.000172 seconds.
  path: Assets/Art/Texture/game/buttons/Textures/icons/128x128/info.png
  artifactKey: Guid(ff8b06e19a717d14d9ff2546436de761) Importer(815301076,1909f56bfc062723c751e8b465ee728b)
Start importing Assets/Art/Texture/game/buttons/Textures/icons/128x128/info.png using Guid(ff8b06e19a717d14d9ff2546436de761) Importer(815301076,1909f56bfc062723c751e8b465ee728b)  -> (artifact id: '1b47a860eb204553751d8a62a22dcfac') in 0.033593 seconds 
========================================================================
Received Import Request.
  Time since last request: 0.000167 seconds.
  path: Assets/Plugins/UI Elements/White/2x/hamburger icon.png
  artifactKey: Guid(e4087c1d315eaf04394c8ae915a7eef6) Importer(815301076,1909f56bfc062723c751e8b465ee728b)
Start importing Assets/Plugins/UI Elements/White/2x/hamburger icon.png using Guid(e4087c1d315eaf04394c8ae915a7eef6) Importer(815301076,1909f56bfc062723c751e8b465ee728b)  -> (artifact id: '9737f3587c7effcd6bd1d0dbdb9525a2') in 0.039066 seconds 
========================================================================
Received Import Request.
  Time since last request: 0.000202 seconds.
  path: Assets/Plugins/UI Elements/Black/2x/left exit.png
  artifactKey: Guid(e2686cca322b54d42b4842ad4eef325c) Importer(815301076,1909f56bfc062723c751e8b465ee728b)
Start importing Assets/Plugins/UI Elements/Black/2x/left exit.png using Guid(e2686cca322b54d42b4842ad4eef325c) Importer(815301076,1909f56bfc062723c751e8b465ee728b)  -> (artifact id: 'dfc58ec3e19e78ddeab273c5cf6b5906') in 0.083495 seconds 
========================================================================
Received Import Request.
  Time since last request: 0.000658 seconds.
  path: Assets/Art/Texture/game/buttons/Textures/icons/128x128/heart.png
  artifactKey: Guid(6d9f5fb6855ea5f45abfe0b211851ed2) Importer(815301076,1909f56bfc062723c751e8b465ee728b)
Start importing Assets/Art/Texture/game/buttons/Textures/icons/128x128/heart.png using Guid(6d9f5fb6855ea5f45abfe0b211851ed2) Importer(815301076,1909f56bfc062723c751e8b465ee728b)  -> (artifact id: 'dc6fe8e09fe98cb1cf0f95edac902d10') in 0.063741 seconds 
========================================================================
Received Import Request.
  Time since last request: 0.002171 seconds.
  path: Assets/Plugins/UI Elements/White/1x/gamepad1.png
  artifactKey: Guid(cdf51f297971bed4d839669437195e6d) Importer(815301076,1909f56bfc062723c751e8b465ee728b)
Start importing Assets/Plugins/UI Elements/White/1x/gamepad1.png using Guid(cdf51f297971bed4d839669437195e6d) Importer(815301076,1909f56bfc062723c751e8b465ee728b)  -> (artifact id: '22df0c5f0268d51b772e00cdbefd6378') in 0.060367 seconds 
========================================================================
Received Import Request.
  Time since last request: 0.000408 seconds.
  path: Assets/Plugins/UI Elements/Black/2x/gamepad1.png
  artifactKey: Guid(1175708c2a803bb4daa094a7f1247a74) Importer(815301076,1909f56bfc062723c751e8b465ee728b)
Start importing Assets/Plugins/UI Elements/Black/2x/gamepad1.png using Guid(1175708c2a803bb4daa094a7f1247a74) Importer(815301076,1909f56bfc062723c751e8b465ee728b)  -> (artifact id: '4d121961de01bd1eb9e3d794db8b6923') in 0.078739 seconds 
========================================================================
Received Import Request.
  Time since last request: 0.000151 seconds.
  path: Assets/Art/Texture/game/buttons/Textures/icons/128x128/help.png
  artifactKey: Guid(ee454173d02e05a4f8c74cc6e92fa5ee) Importer(815301076,1909f56bfc062723c751e8b465ee728b)
Start importing Assets/Art/Texture/game/buttons/Textures/icons/128x128/help.png using Guid(ee454173d02e05a4f8c74cc6e92fa5ee) Importer(815301076,1909f56bfc062723c751e8b465ee728b)  -> (artifact id: '0890c9d4a89b33181df491cd709ef717') in 0.057266 seconds 
========================================================================
Received Import Request.
  Time since last request: 0.000178 seconds.
  path: Assets/Plugins/UI Elements/White/2x/down arrow.png
  artifactKey: Guid(dd5ab83baa480ea44b966d7ca90d09bc) Importer(815301076,1909f56bfc062723c751e8b465ee728b)
Start importing Assets/Plugins/UI Elements/White/2x/down arrow.png using Guid(dd5ab83baa480ea44b966d7ca90d09bc) Importer(815301076,1909f56bfc062723c751e8b465ee728b)  -> (artifact id: 'e29193f0547d663e1d0dfe58414e78ce') in 0.065262 seconds 
========================================================================
Received Import Request.
  Time since last request: 0.000128 seconds.
  path: Assets/Plugins/UI Elements/Extras/Circle256/circlefillRy16px256px.png
  artifactKey: Guid(0be6070c47736024da29bde924d62ca7) Importer(815301076,1909f56bfc062723c751e8b465ee728b)
Start importing Assets/Plugins/UI Elements/Extras/Circle256/circlefillRy16px256px.png using Guid(0be6070c47736024da29bde924d62ca7) Importer(815301076,1909f56bfc062723c751e8b465ee728b)  -> (artifact id: '925e3767f728a51b0a864a0dae50adcf') in 0.079616 seconds 
========================================================================
Received Import Request.
  Time since last request: 0.000099 seconds.
  path: Assets/Plugins/Raw and SpriteSheets/Extras.png
  artifactKey: Guid(7146f89077ead2542bf1ad7bca470bdc) Importer(815301076,1909f56bfc062723c751e8b465ee728b)
Start importing Assets/Plugins/Raw and SpriteSheets/Extras.png using Guid(7146f89077ead2542bf1ad7bca470bdc) Importer(815301076,1909f56bfc062723c751e8b465ee728b)  -> (artifact id: '909658dcbcf12ec7ba88a100c6d95bc1') in 0.400023 seconds 
========================================================================
Received Import Request.
  Time since last request: 0.000354 seconds.
  path: Assets/Art/Texture/game/table/Docenas.png
  artifactKey: Guid(ba9739369ee5ea6498e641f3c4f77afc) Importer(815301076,1909f56bfc062723c751e8b465ee728b)
Start importing Assets/Art/Texture/game/table/Docenas.png using Guid(ba9739369ee5ea6498e641f3c4f77afc) Importer(815301076,1909f56bfc062723c751e8b465ee728b)  -> (artifact id: '6f17e901cced8b731fb7e9dc199e8b0a') in 0.080768 seconds 
========================================================================
Received Import Request.
  Time since last request: 0.000311 seconds.
  path: Assets/Plugins/UI Elements/Black/2x/cross.png
  artifactKey: Guid(cd8f0e18abed1e84ab0cb2758c964e8c) Importer(815301076,1909f56bfc062723c751e8b465ee728b)
Start importing Assets/Plugins/UI Elements/Black/2x/cross.png using Guid(cd8f0e18abed1e84ab0cb2758c964e8c) Importer(815301076,1909f56bfc062723c751e8b465ee728b)  -> (artifact id: 'bf69620697cbdd610071279dedaff058') in 0.046022 seconds 
========================================================================
Received Import Request.
  Time since last request: 0.000515 seconds.
  path: Assets/Plugins/UI Elements/Black/2x/leaderboard.png
  artifactKey: Guid(c165f489665a4da4cb145a1b792e8288) Importer(815301076,1909f56bfc062723c751e8b465ee728b)
Start importing Assets/Plugins/UI Elements/Black/2x/leaderboard.png using Guid(c165f489665a4da4cb145a1b792e8288) Importer(815301076,1909f56bfc062723c751e8b465ee728b)  -> (artifact id: '8a3519cb7cbab4a2918ea1e3ff448f81') in 0.038285 seconds 
========================================================================
Received Import Request.
  Time since last request: 0.000170 seconds.
  path: Assets/Plugins/UI Elements/White/1x/Leaderboard.png
  artifactKey: Guid(d72623ff7003bb7458128bc5b8be00b6) Importer(815301076,1909f56bfc062723c751e8b465ee728b)
Start importing Assets/Plugins/UI Elements/White/1x/Leaderboard.png using Guid(d72623ff7003bb7458128bc5b8be00b6) Importer(815301076,1909f56bfc062723c751e8b465ee728b)  -> (artifact id: 'a1391732ca4b339b7ddfa73ad908cf6d') in 0.043384 seconds 
========================================================================
Received Import Request.
  Time since last request: 0.000676 seconds.
  path: Assets/Plugins/UI Elements/Extras/Circle512/circlefillRy86px512px.png
  artifactKey: Guid(afb2ac212290a184db5260fceddcdc03) Importer(815301076,1909f56bfc062723c751e8b465ee728b)
Start importing Assets/Plugins/UI Elements/Extras/Circle512/circlefillRy86px512px.png using Guid(afb2ac212290a184db5260fceddcdc03) Importer(815301076,1909f56bfc062723c751e8b465ee728b)  -> (artifact id: 'de838915e99d1420a3acdce87de5201e') in 0.059087 seconds 
========================================================================
Received Import Request.
  Time since last request: 0.000095 seconds.
  path: Assets/Art/Texture/game/ui/icons8-flecha-contraer-96.png
  artifactKey: Guid(477bfedfd1d57724b8a5a49737e00dc3) Importer(815301076,1909f56bfc062723c751e8b465ee728b)
Start importing Assets/Art/Texture/game/ui/icons8-flecha-contraer-96.png using Guid(477bfedfd1d57724b8a5a49737e00dc3) Importer(815301076,1909f56bfc062723c751e8b465ee728b)  -> (artifact id: 'e431623b1f978507033fffb34c9b9503') in 0.037852 seconds 
========================================================================
Received Import Request.
  Time since last request: 0.000124 seconds.
  path: Assets/Art/Texture/game/buttons/Textures/icons/64x64/checkmark.png
  artifactKey: Guid(a1b36335edc21804d8483d19058e387c) Importer(815301076,1909f56bfc062723c751e8b465ee728b)
Start importing Assets/Art/Texture/game/buttons/Textures/icons/64x64/checkmark.png using Guid(a1b36335edc21804d8483d19058e387c) Importer(815301076,1909f56bfc062723c751e8b465ee728b)  -> (artifact id: '49b8494eec43c552d1a943e117de054c') in 0.038348 seconds 
========================================================================
Received Import Request.
  Time since last request: 0.000096 seconds.
  path: Assets/Plugins/UI Elements/Black/2x/camera.png
  artifactKey: Guid(5d3aa402c5132ab49a85dfd6b9a3f82d) Importer(815301076,1909f56bfc062723c751e8b465ee728b)
Start importing Assets/Plugins/UI Elements/Black/2x/camera.png using Guid(5d3aa402c5132ab49a85dfd6b9a3f82d) Importer(815301076,1909f56bfc062723c751e8b465ee728b)  -> (artifact id: '3b1ad0fbbb16053bec619c07f06ede0e') in 0.046637 seconds 
========================================================================
Received Import Request.
  Time since last request: 0.000139 seconds.
  path: Assets/Plugins/UI Elements/White/2x/forward.png
  artifactKey: Guid(bddae3aceb3c720438ba301940cc6358) Importer(815301076,1909f56bfc062723c751e8b465ee728b)
Start importing Assets/Plugins/UI Elements/White/2x/forward.png using Guid(bddae3aceb3c720438ba301940cc6358) Importer(815301076,1909f56bfc062723c751e8b465ee728b)  -> (artifact id: '5dc635d5477891cb41f0d8008bfba1b7') in 0.028331 seconds 
========================================================================
Received Import Request.
  Time since last request: 0.000113 seconds.
  path: Assets/Art/Texture/game/buttons/Textures/icons/256x256/help.png
  artifactKey: Guid(a1d9cb3eb505c114d8fa17fcbaeb157c) Importer(815301076,1909f56bfc062723c751e8b465ee728b)
Start importing Assets/Art/Texture/game/buttons/Textures/icons/256x256/help.png using Guid(a1d9cb3eb505c114d8fa17fcbaeb157c) Importer(815301076,1909f56bfc062723c751e8b465ee728b)  -> (artifact id: '860982df155e7a9f98ac98c34b7bbae5') in 0.039657 seconds 
========================================================================
Received Import Request.
  Time since last request: 0.000182 seconds.
  path: Assets/Plugins/UI Elements/Extras/Circle512/circle512.png
  artifactKey: Guid(6100dbbea50808c49a4609a101af2551) Importer(815301076,1909f56bfc062723c751e8b465ee728b)
Start importing Assets/Plugins/UI Elements/Extras/Circle512/circle512.png using Guid(6100dbbea50808c49a4609a101af2551) Importer(815301076,1909f56bfc062723c751e8b465ee728b)  -> (artifact id: 'c14ecf90e44a15b36eecbab6e20bff60') in 0.067722 seconds 
========================================================================
Received Import Request.
  Time since last request: 0.000190 seconds.
  path: Assets/Plugins/UI Elements/White/1x/cross.png
  artifactKey: Guid(321d8291ab2c6cb4b81d3dda37a91ef6) Importer(815301076,1909f56bfc062723c751e8b465ee728b)
Start importing Assets/Plugins/UI Elements/White/1x/cross.png using Guid(321d8291ab2c6cb4b81d3dda37a91ef6) Importer(815301076,1909f56bfc062723c751e8b465ee728b)  -> (artifact id: '9bc00637c089784f978e85149d601ac3') in 0.039228 seconds 
========================================================================
Received Import Request.
  Time since last request: 0.000110 seconds.
  path: Assets/Plugins/UI Elements/White/2x/info.png
  artifactKey: Guid(dc13b944fb4f7fe4dbea810f96b0c01f) Importer(815301076,1909f56bfc062723c751e8b465ee728b)
Start importing Assets/Plugins/UI Elements/White/2x/info.png using Guid(dc13b944fb4f7fe4dbea810f96b0c01f) Importer(815301076,1909f56bfc062723c751e8b465ee728b)  -> (artifact id: '0507cf14f06156ebacfe80b07c661076') in 0.060547 seconds 
========================================================================
Received Import Request.
  Time since last request: 0.000106 seconds.
  path: Assets/Art/Texture/game/buttons/Textures/controls/cross_04.png
  artifactKey: Guid(0b723a187b246ad44ad90b0600b1e98e) Importer(815301076,1909f56bfc062723c751e8b465ee728b)
Start importing Assets/Art/Texture/game/buttons/Textures/controls/cross_04.png using Guid(0b723a187b246ad44ad90b0600b1e98e) Importer(815301076,1909f56bfc062723c751e8b465ee728b)  -> (artifact id: 'debf460ec7324202a12e935d5ec49d87') in 0.062926 seconds 
========================================================================
Received Import Request.
  Time since last request: 0.000109 seconds.
  path: Assets/Plugins/UI Elements/White/1x/exit right.png
  artifactKey: Guid(e11d3330e5e316e43b980432fab67f97) Importer(815301076,1909f56bfc062723c751e8b465ee728b)
Start importing Assets/Plugins/UI Elements/White/1x/exit right.png using Guid(e11d3330e5e316e43b980432fab67f97) Importer(815301076,1909f56bfc062723c751e8b465ee728b)  -> (artifact id: '6bd00a4a8c2b4333af939c609125f717') in 0.037356 seconds 
========================================================================
Received Import Request.
  Time since last request: 0.000108 seconds.
  path: Assets/Plugins/UI Elements/White/1x/forward.png
  artifactKey: Guid(344fe81eb5885dc49a97989fab66c16e) Importer(815301076,1909f56bfc062723c751e8b465ee728b)
Start importing Assets/Plugins/UI Elements/White/1x/forward.png using Guid(344fe81eb5885dc49a97989fab66c16e) Importer(815301076,1909f56bfc062723c751e8b465ee728b)  -> (artifact id: '0f9bc5cd457cd373561f6dece7600e23') in 0.036549 seconds 
========================================================================
Received Import Request.
  Time since last request: 0.000233 seconds.
  path: Assets/Plugins/UI Elements/Black/2x/left.png
  artifactKey: Guid(b32a75204000ebd43b6fbabebab6798e) Importer(815301076,1909f56bfc062723c751e8b465ee728b)
Start importing Assets/Plugins/UI Elements/Black/2x/left.png using Guid(b32a75204000ebd43b6fbabebab6798e) Importer(815301076,1909f56bfc062723c751e8b465ee728b)  -> (artifact id: '8c63b379d6ce6eea338fe4adf99cae62') in 0.029480 seconds 
========================================================================
Received Import Request.
  Time since last request: 0.000117 seconds.
  path: Assets/Art/Texture/game/ui/icons8-p치gina-principal-96.png
  artifactKey: Guid(a964eff4383688949ba520c6288d18ed) Importer(815301076,1909f56bfc062723c751e8b465ee728b)
Start importing Assets/Art/Texture/game/ui/icons8-p치gina-principal-96.png using Guid(a964eff4383688949ba520c6288d18ed) Importer(815301076,1909f56bfc062723c751e8b465ee728b)  -> (artifact id: 'e959998b51e7f73286f40a21d566441d') in 0.040368 seconds 
========================================================================
Received Import Request.
  Time since last request: 0.000165 seconds.
  path: Assets/Plugins/UI Elements/White/2x/gamepad1.png
  artifactKey: Guid(ff848492cf9cc7c4faccadaf259df00b) Importer(815301076,1909f56bfc062723c751e8b465ee728b)
Start importing Assets/Plugins/UI Elements/White/2x/gamepad1.png using Guid(ff848492cf9cc7c4faccadaf259df00b) Importer(815301076,1909f56bfc062723c751e8b465ee728b)  -> (artifact id: 'ae68d6ba7a3671cc6919e7481b8bd679') in 0.038047 seconds 
========================================================================
Received Import Request.
  Time since last request: 0.000110 seconds.
  path: Assets/Plugins/UI Elements/White/2x/home.png
  artifactKey: Guid(135427c69ca9fd14c9a77c60701078cc) Importer(815301076,1909f56bfc062723c751e8b465ee728b)
Start importing Assets/Plugins/UI Elements/White/2x/home.png using Guid(135427c69ca9fd14c9a77c60701078cc) Importer(815301076,1909f56bfc062723c751e8b465ee728b)  -> (artifact id: 'e769eb00b2a64ac833023d7bb5fcb1b6') in 0.023967 seconds 
========================================================================
Received Import Request.
  Time since last request: 0.000117 seconds.
  path: Assets/Plugins/UI Elements/White/1x/exit left.png
  artifactKey: Guid(7c62fee6fc0b36546a0dd0dfa8e9d55a) Importer(815301076,1909f56bfc062723c751e8b465ee728b)
Start importing Assets/Plugins/UI Elements/White/1x/exit left.png using Guid(7c62fee6fc0b36546a0dd0dfa8e9d55a) Importer(815301076,1909f56bfc062723c751e8b465ee728b)  -> (artifact id: 'c89296dd91f5c9c3ce833917e3a073cb') in 0.028002 seconds 
========================================================================
Received Import Request.
  Time since last request: 0.000158 seconds.
  path: Assets/Art/Texture/game/ui/icons8-guardar-52.png
  artifactKey: Guid(3e8b9c09e2b848c4abf54a5d956a1ff7) Importer(815301076,1909f56bfc062723c751e8b465ee728b)
Start importing Assets/Art/Texture/game/ui/icons8-guardar-52.png using Guid(3e8b9c09e2b848c4abf54a5d956a1ff7) Importer(815301076,1909f56bfc062723c751e8b465ee728b)  -> (artifact id: '54fd918bf427d36e08ba8c329f6164b2') in 0.044670 seconds 
========================================================================
Received Import Request.
  Time since last request: 0.000107 seconds.
  path: Assets/Plugins/UI Elements/White/1x/home.png
  artifactKey: Guid(dc4bc33d52db40c42bcafbcf6d63ca8a) Importer(815301076,1909f56bfc062723c751e8b465ee728b)
Start importing Assets/Plugins/UI Elements/White/1x/home.png using Guid(dc4bc33d52db40c42bcafbcf6d63ca8a) Importer(815301076,1909f56bfc062723c751e8b465ee728b)  -> (artifact id: '1b93ff655aa8477638259eef65551b8e') in 0.041297 seconds 
========================================================================
Received Import Request.
  Time since last request: 0.000106 seconds.
  path: Assets/Art/Texture/game/buttons/Textures/icons/256x256/checkmark.png
  artifactKey: Guid(9cd6991b040b7fb40808e500b041d545) Importer(815301076,1909f56bfc062723c751e8b465ee728b)
Start importing Assets/Art/Texture/game/buttons/Textures/icons/256x256/checkmark.png using Guid(9cd6991b040b7fb40808e500b041d545) Importer(815301076,1909f56bfc062723c751e8b465ee728b)  -> (artifact id: 'e866d0a690777823fb1dd98c3b4c709e') in 0.037389 seconds 
========================================================================
Received Import Request.
  Time since last request: 0.000190 seconds.
  path: Assets/Plugins/UI Elements/White/2x/down.png
  artifactKey: Guid(3acd8d445bc88f547a8d43d9bd313ccf) Importer(815301076,1909f56bfc062723c751e8b465ee728b)
Start importing Assets/Plugins/UI Elements/White/2x/down.png using Guid(3acd8d445bc88f547a8d43d9bd313ccf) Importer(815301076,1909f56bfc062723c751e8b465ee728b)  -> (artifact id: '9c27fb5b6eea98cd3f221296a3716724') in 0.034073 seconds 
========================================================================
Received Import Request.
  Time since last request: 0.000140 seconds.
  path: Assets/Plugins/UI Elements/White/1x/left.png
  artifactKey: Guid(fb4fddf2c378ae647ae205d38ba835b9) Importer(815301076,1909f56bfc062723c751e8b465ee728b)
Start importing Assets/Plugins/UI Elements/White/1x/left.png using Guid(fb4fddf2c378ae647ae205d38ba835b9) Importer(815301076,1909f56bfc062723c751e8b465ee728b)  -> (artifact id: '7d588ac10431447a9c0ed27747b9757a') in 0.045051 seconds 
========================================================================
Received Import Request.
  Time since last request: 0.000111 seconds.
  path: Assets/Art/Texture/game/chips/chips-02.png
  artifactKey: Guid(f8a93430902ecce4ba36a6250581bbd8) Importer(815301076,1909f56bfc062723c751e8b465ee728b)
Start importing Assets/Art/Texture/game/chips/chips-02.png using Guid(f8a93430902ecce4ba36a6250581bbd8) Importer(815301076,1909f56bfc062723c751e8b465ee728b)  -> (artifact id: 'a9087fa6e678ba0c3da19eec638eaf36') in 0.519198 seconds 
