Unity Editor version:    2021.3.9f1 (ad3870b89536)
Branch:                  2021.3/staging
Build type:              Release
Batch mode:              YES
macOS version:           Version 12.5.1 (Build 21G83)
Darwin version:          21.6.0
Architecture:            x86_64
Running under Rosetta:   NO
Available memory:        16384 MB
Using pre-set license
Pro License: YES

COMMAND LINE ARGUMENTS:
/Applications/Unity/Hub/Editor/2021.3.9f1/Unity.app/Contents/MacOS/Unity
-adb2
-batchMode
-noUpm
-name
AssetImportWorker1
-projectPath
/Users/gregoryarnal/dev/FreeLance/Lermar/Lermar
-logFile
Logs/AssetImportWorker1.log
-srvPort
56187
Successfully changed project path to: /Users/gregoryarnal/dev/FreeLance/Lermar/Lermar
/Users/gregoryarnal/dev/FreeLance/Lermar/Lermar
[UnityMemory] Configuration Parameters - Can be set up in boot.config
    "memorysetup-bucket-allocator-granularity=16"
    "memorysetup-bucket-allocator-bucket-count=8"
    "memorysetup-bucket-allocator-block-size=33554432"
    "memorysetup-bucket-allocator-block-count=8"
    "memorysetup-main-allocator-block-size=16777216"
    "memorysetup-thread-allocator-block-size=16777216"
    "memorysetup-gfx-main-allocator-block-size=16777216"
    "memorysetup-gfx-thread-allocator-block-size=16777216"
    "memorysetup-cache-allocator-block-size=4194304"
    "memorysetup-typetree-allocator-block-size=2097152"
    "memorysetup-profiler-bucket-allocator-granularity=16"
    "memorysetup-profiler-bucket-allocator-bucket-count=8"
    "memorysetup-profiler-bucket-allocator-block-size=33554432"
    "memorysetup-profiler-bucket-allocator-block-count=8"
    "memorysetup-profiler-allocator-block-size=16777216"
    "memorysetup-profiler-editor-allocator-block-size=1048576"
    "memorysetup-temp-allocator-size-main=16777216"
    "memorysetup-job-temp-allocator-block-size=2097152"
    "memorysetup-job-temp-allocator-block-size-background=1048576"
    "memorysetup-job-temp-allocator-reduction-small-platforms=262144"
    "memorysetup-temp-allocator-size-background-worker=32768"
    "memorysetup-temp-allocator-size-job-worker=262144"
    "memorysetup-temp-allocator-size-preload-manager=33554432"
    "memorysetup-temp-allocator-size-nav-mesh-worker=65536"
    "memorysetup-temp-allocator-size-audio-worker=65536"
    "memorysetup-temp-allocator-size-cloud-worker=32768"
    "memorysetup-temp-allocator-size-gi-baking-worker=262144"
    "memorysetup-temp-allocator-size-gfx=262144"
Refreshing native plugins compatible for Editor in 147.93 ms, found 2 plugins.
Preloading 0 native plugins for Editor in 0.00 ms.
Initialize engine version: 2021.3.9f1 (ad3870b89536)
[Subsystems] Discovering subsystems at path /Applications/Unity/Hub/Editor/2021.3.9f1/Unity.app/Contents/Resources/UnitySubsystems
[Subsystems] Discovering subsystems at path /Users/gregoryarnal/dev/FreeLance/Lermar/Lermar/Assets
GfxDevice: creating device client; threaded=0; jobified=0
Color LCD preferred device: AMD Radeon Pro 555 (high power)
Metal devices available: 2
0: AMD Radeon Pro 555 (high power)
1: Intel(R) HD Graphics 630 (low power)
Using device AMD Radeon Pro 555 (high power)
Initializing Metal device caps: AMD Radeon Pro 555
Initialize mono
Mono path[0] = '/Applications/Unity/Hub/Editor/2021.3.9f1/Unity.app/Contents/Managed'
Mono path[1] = '/Applications/Unity/Hub/Editor/2021.3.9f1/Unity.app/Contents/MonoBleedingEdge/lib/mono/unityjit-macos'
Mono config path = '/Applications/Unity/Hub/Editor/2021.3.9f1/Unity.app/Contents/MonoBleedingEdge/etc'
Using monoOptions --debugger-agent=transport=dt_socket,embedding=1,server=y,suspend=n,address=127.0.0.1:56996
Begin MonoManager ReloadAssembly
Registering precompiled unity dll's ...
Register platform support module: /Applications/Unity/Hub/Editor/2021.3.9f1/PlaybackEngines/WebGLSupport/UnityEditor.WebGL.Extensions.dll
Register platform support module: /Applications/Unity/Hub/Editor/2021.3.9f1/Unity.app/Contents/PlaybackEngines/MacStandaloneSupport/UnityEditor.OSXStandalone.Extensions.dll
Register platform support module: /Applications/Unity/Hub/Editor/2021.3.9f1/PlaybackEngines/WindowsStandaloneSupport/UnityEditor.WindowsStandalone.Extensions.dll
Registered in 0.004329 seconds.
Native extension for WindowsStandalone target not found
Native extension for OSXStandalone target not found
Native extension for WebGL target not found
Refreshing native plugins compatible for Editor in 104.81 ms, found 2 plugins.
Preloading 0 native plugins for Editor in 0.00 ms.
Mono: successfully reloaded assembly
- Completed reload, in  1.100 seconds
Domain Reload Profiling:
	ReloadAssembly (1101ms)
		BeginReloadAssembly (191ms)
			ExecutionOrderSort (0ms)
			DisableScriptedObjects (0ms)
			BackupInstance (0ms)
			ReleaseScriptingObjects (0ms)
			CreateAndSetChildDomain (1ms)
		EndReloadAssembly (749ms)
			LoadAssemblies (195ms)
			RebuildTransferFunctionScriptingTraits (0ms)
			SetupTypeCache (171ms)
			ReleaseScriptCaches (0ms)
			RebuildScriptCaches (49ms)
			SetupLoadedEditorAssemblies (455ms)
				LogAssemblyErrors (0ms)
				InitializePlatformSupportModulesInManaged (12ms)
				SetLoadedEditorAssemblies (0ms)
				RefreshPlugins (105ms)
				BeforeProcessingInitializeOnLoad (2ms)
				ProcessInitializeOnLoadAttributes (269ms)
				ProcessInitializeOnLoadMethodAttributes (66ms)
				AfterProcessingInitializeOnLoad (0ms)
				EditorAssembliesLoaded (0ms)
			ExecutionOrderSort2 (0ms)
			AwakeInstancesAfterBackupRestoration (0ms)
Platform modules already initialized, skipping
Registering precompiled user dll's ...
Registered in 0.011833 seconds.
Begin MonoManager ReloadAssembly
Symbol file LoadedFromMemory doesn't match image /Users/gregoryarnal/dev/FreeLance/Lermar/Lermar/Library/PackageCache/com.unity.visualscripting@1.7.8/Editor/VisualScripting.Core/Dependencies/YamlDotNet/Unity.VisualScripting.YamlDotNet.dll
Symbol file LoadedFromMemory doesn't match image /Users/gregoryarnal/dev/FreeLance/Lermar/Lermar/Library/PackageCache/com.unity.visualscripting@1.7.8/Editor/VisualScripting.Core/Dependencies/DotNetZip/Unity.VisualScripting.IonicZip.dll
Native extension for WindowsStandalone target not found
Native extension for OSXStandalone target not found
Native extension for WebGL target not found
Refreshing native plugins compatible for Editor in 1.19 ms, found 2 plugins.
Preloading 0 native plugins for Editor in 0.00 ms.
System.Exception: Error! Visual Scripting: couldn't find visual scripting package
  at Unity.VisualScripting.PackageVersionUtility.get_version () [0x00025] in /Users/gregoryarnal/dev/FreeLance/Lermar/Lermar/Library/PackageCache/com.unity.visualscripting@1.7.8/Editor/VisualScripting.Core/Utilities/PackageVersionUtility.cs:22 
  at Unity.VisualScripting.BoltCoreManifest.get_version () [0x00000] in /Users/gregoryarnal/dev/FreeLance/Lermar/Lermar/Library/PackageCache/com.unity.visualscripting@1.7.8/Editor/VisualScripting.Core/Plugin/BoltCoreManifest.cs:11 
  at Unity.VisualScripting.PluginManifest.get_currentVersion () [0x00000] in /Users/gregoryarnal/dev/FreeLance/Lermar/Lermar/Library/PackageCache/com.unity.visualscripting@1.7.8/Editor/VisualScripting.Core/Plugins/PluginManifest.cs:33 
  at Unity.VisualScripting.PluginManifest.get_versionMismatch () [0x00000] in /Users/gregoryarnal/dev/FreeLance/Lermar/Lermar/Library/PackageCache/com.unity.visualscripting@1.7.8/Editor/VisualScripting.Core/Plugins/PluginManifest.cs:48 
  at Unity.VisualScripting.PluginContainer.Initialize () [0x0057d] in /Users/gregoryarnal/dev/FreeLance/Lermar/Lermar/Library/PackageCache/com.unity.visualscripting@1.7.8/Editor/VisualScripting.Core/Plugins/PluginContainer.cs:208 
  at Unity.VisualScripting.PluginContainer.InitializeOnLoad () [0x00012] in /Users/gregoryarnal/dev/FreeLance/Lermar/Lermar/Library/PackageCache/com.unity.visualscripting@1.7.8/Editor/VisualScripting.Core/Plugins/PluginContainer.cs:32 
  at Unity.VisualScripting.VSUsageUtility.DoInitializeOnLoadCalls () [0x00044] in /Users/gregoryarnal/dev/FreeLance/Lermar/Lermar/Library/PackageCache/com.unity.visualscripting@1.7.8/Editor/VisualScripting.Core/Utilities/VSUsageUtility.cs:76 
  at Unity.VisualScripting.VSUsageUtility.set_isVisualScriptingUsed (System.Boolean value) [0x00037] in /Users/gregoryarnal/dev/FreeLance/Lermar/Lermar/Library/PackageCache/com.unity.visualscripting@1.7.8/Editor/VisualScripting.Core/Utilities/VSUsageUtility.cs:114 
  at Unity.VisualScripting.VSUsageUtility.CheckAndSetIsVisualScriptingUsed () [0x0003f] in /Users/gregoryarnal/dev/FreeLance/Lermar/Lermar/Library/PackageCache/com.unity.visualscripting@1.7.8/Editor/VisualScripting.Core/Utilities/VSUsageUtility.cs:48 
  at Unity.VisualScripting.VSUsageUtility..cctor () [0x0000d] in /Users/gregoryarnal/dev/FreeLance/Lermar/Lermar/Library/PackageCache/com.unity.visualscripting@1.7.8/Editor/VisualScripting.Core/Utilities/VSUsageUtility.cs:22 
UnityEngine.StackTraceUtility:ExtractStackTrace () (at /Users/bokken/buildslave/unity/build/Runtime/Export/Scripting/StackTrace.cs:37)
UnityEngine.DebugLogHandler:LogFormat (UnityEngine.LogType,UnityEngine.Object,string,object[])
UnityEngine.Logger:Log (UnityEngine.LogType,object)
UnityEngine.Debug:LogError (object)
UnityEditor.EditorAssemblies:ProcessInitializeOnLoadAttributes (System.Type[]) (at /Users/bokken/buildslave/unity/build/Editor/Mono/EditorAssemblies.cs:130)

(Filename: /Users/bokken/buildslave/unity/build/Editor/Mono/EditorAssemblies.cs Line: 130)

Mono: successfully reloaded assembly
- Completed reload, in  2.301 seconds
Domain Reload Profiling:
	ReloadAssembly (2303ms)
		BeginReloadAssembly (170ms)
			ExecutionOrderSort (0ms)
			DisableScriptedObjects (9ms)
			BackupInstance (0ms)
			ReleaseScriptingObjects (0ms)
			CreateAndSetChildDomain (32ms)
		EndReloadAssembly (1953ms)
			LoadAssemblies (160ms)
			RebuildTransferFunctionScriptingTraits (0ms)
			SetupTypeCache (414ms)
			ReleaseScriptCaches (1ms)
			RebuildScriptCaches (119ms)
			SetupLoadedEditorAssemblies (1187ms)
				LogAssemblyErrors (0ms)
				InitializePlatformSupportModulesInManaged (11ms)
				SetLoadedEditorAssemblies (1ms)
				RefreshPlugins (1ms)
				BeforeProcessingInitializeOnLoad (129ms)
				ProcessInitializeOnLoadAttributes (997ms)
				ProcessInitializeOnLoadMethodAttributes (44ms)
				AfterProcessingInitializeOnLoad (2ms)
				EditorAssembliesLoaded (0ms)
			ExecutionOrderSort2 (0ms)
			AwakeInstancesAfterBackupRestoration (6ms)
Platform modules already initialized, skipping
========================================================================
Worker process is ready to serve import requests
Launching external process: /Applications/Unity/Hub/Editor/2021.3.9f1/Unity.app/Contents/Tools/UnityShaderCompiler
Launched and connected shader compiler UnityShaderCompiler after 0.09 seconds
Refreshing native plugins compatible for Editor in 1.22 ms, found 2 plugins.
Preloading 0 native plugins for Editor in 0.00 ms.
Unloading 3628 Unused Serialized files (Serialized files now loaded: 0)
Unloading 24 unused Assets / (43.4 KB). Loaded Objects now: 4090.
Memory consumption went from 245.4 MB to 245.3 MB.
Total: 21.802704 ms (FindLiveObjects: 0.430361 ms CreateObjectMapping: 0.395864 ms MarkObjects: 20.088692 ms  DeleteObjects: 0.886338 ms)

AssetImportParameters requested are different than current active one (requested -> active):
  custom:video-decoder-ogg-theora: a1e56fd34408186e4bbccfd4996cb3dc -> 
  custom:container-muxer-webm: aa71ff27fc2769a1b78a27578f13a17b -> 
  custom:container-demuxer-webm: 4f35f7cbe854078d1ac9338744f61a02 -> 
  custom:video-encoder-webm-vp8: eb34c28f22e8b96e1ab97ce403110664 -> 
  custom:framework-osx-AVFoundation: e770b220cccbd017edd2c1fefb359320 -> 
  custom:audio-encoder-webm-vorbis: bf7c407c2cedff20999df2af8eb42d56 -> 
  custom:container-demuxer-ogg: 62fdf1f143b41e24485cea50d1cbac27 -> 
  custom:video-decoder-webm-vp8: 9c59270c3fd7afecdb556c50c9e8de78 -> 
  custom:audio-decoder-ogg-vorbis: bf7c407c2cedff20999df2af8eb42d56 -> 
========================================================================
Received Import Request.
  Time since last request: 686585.473479 seconds.
  path: Assets/Art/Sound/game fx/Fx_Chips.wav
  artifactKey: Guid(0d97e4c3827c196448116eb927e3dad6) Importer(815301076,1909f56bfc062723c751e8b465ee728b)
Start importing Assets/Art/Sound/game fx/Fx_Chips.wav using Guid(0d97e4c3827c196448116eb927e3dad6) Importer(815301076,1909f56bfc062723c751e8b465ee728b)  -> (artifact id: '6479a84d197cd9abf6204c4bcbf17464') in 1.383577 seconds 
========================================================================
Received Import Request.
  Time since last request: 0.000229 seconds.
  path: Assets/Art/Fonts/Casino3DFilled.ttf
  artifactKey: Guid(63a72f1fba2da774eb4366c9ac0993c4) Importer(815301076,1909f56bfc062723c751e8b465ee728b)
Start importing Assets/Art/Fonts/Casino3DFilled.ttf using Guid(63a72f1fba2da774eb4366c9ac0993c4) Importer(815301076,1909f56bfc062723c751e8b465ee728b)  -> (artifact id: '69bbd5bab6055f8af184eaa0db5e76bf') in 0.190040 seconds 
========================================================================
Received Import Request.
  Time since last request: 0.000086 seconds.
  path: Assets/Art/Sound/game fx/Fx_Click.wav
  artifactKey: Guid(46b6fc629adb90a43a2cea98155e2c54) Importer(815301076,1909f56bfc062723c751e8b465ee728b)
Start importing Assets/Art/Sound/game fx/Fx_Click.wav using Guid(46b6fc629adb90a43a2cea98155e2c54) Importer(815301076,1909f56bfc062723c751e8b465ee728b)  -> (artifact id: '643f13b28fba720b4c1b250c816b289c') in 0.010808 seconds 
========================================================================
Received Import Request.
  Time since last request: 0.000102 seconds.
  path: Assets/Prefabs/Controllers/GameManager.prefab
  artifactKey: Guid(4a0573df8d35b074396dc9e3ba5ba414) Importer(815301076,1909f56bfc062723c751e8b465ee728b)
Start importing Assets/Prefabs/Controllers/GameManager.prefab using Guid(4a0573df8d35b074396dc9e3ba5ba414) Importer(815301076,1909f56bfc062723c751e8b465ee728b)  -> (artifact id: 'e5bffede4acc83860fc8042e67ea42c7') in 0.210753 seconds 
========================================================================
Received Import Request.
  Time since last request: 0.000110 seconds.
  path: Assets/Art/Fonts/Casino3DLines.ttf
  artifactKey: Guid(bca21d2a37ead4c418846a4f81796851) Importer(815301076,1909f56bfc062723c751e8b465ee728b)
Start importing Assets/Art/Fonts/Casino3DLines.ttf using Guid(bca21d2a37ead4c418846a4f81796851) Importer(815301076,1909f56bfc062723c751e8b465ee728b)  -> (artifact id: 'de67bc3619c171a43d2c229535316461') in 0.020691 seconds 
========================================================================
Received Import Request.
  Time since last request: 0.000120 seconds.
  path: Assets/Art/Sound/game fx/Fx_ChipsCollected.wav
  artifactKey: Guid(83026ff61aa20254c9176ffa6e9a4332) Importer(815301076,1909f56bfc062723c751e8b465ee728b)
Start importing Assets/Art/Sound/game fx/Fx_ChipsCollected.wav using Guid(83026ff61aa20254c9176ffa6e9a4332) Importer(815301076,1909f56bfc062723c751e8b465ee728b)  -> (artifact id: 'c0ee6f495d7de8d71c870085b0694bb5') in 0.012392 seconds 
========================================================================
Received Import Request.
  Time since last request: 0.000160 seconds.
  path: Assets/Art/Fonts/Casino3DMarquee-Italic.ttf
  artifactKey: Guid(bd37a70063d975b48b456b3c572bbac1) Importer(815301076,1909f56bfc062723c751e8b465ee728b)
Start importing Assets/Art/Fonts/Casino3DMarquee-Italic.ttf using Guid(bd37a70063d975b48b456b3c572bbac1) Importer(815301076,1909f56bfc062723c751e8b465ee728b)  -> (artifact id: '75e761eb46d3018b04063b2481e710c0') in 0.024297 seconds 
========================================================================
Received Import Request.
  Time since last request: 0.000085 seconds.
  path: Assets/Art/Fonts/Casino3DMarquee.ttf
  artifactKey: Guid(df9513314ca7de94fbbc83a763789d7e) Importer(815301076,1909f56bfc062723c751e8b465ee728b)
Start importing Assets/Art/Fonts/Casino3DMarquee.ttf using Guid(df9513314ca7de94fbbc83a763789d7e) Importer(815301076,1909f56bfc062723c751e8b465ee728b)  -> (artifact id: 'c36f28c8cc1ce31c25281e5bb04810ee') in 0.024494 seconds 
========================================================================
Received Import Request.
  Time since last request: 0.000092 seconds.
  path: Assets/Art/Fonts/CasinoShadow-Italic.ttf
  artifactKey: Guid(de81628020f233041a8b86638fe677d0) Importer(815301076,1909f56bfc062723c751e8b465ee728b)
Start importing Assets/Art/Fonts/CasinoShadow-Italic.ttf using Guid(de81628020f233041a8b86638fe677d0) Importer(815301076,1909f56bfc062723c751e8b465ee728b)  -> (artifact id: 'db622933f38d2bed4fdb15d7a76ff784') in 0.040333 seconds 
========================================================================
Received Import Request.
  Time since last request: 0.000071 seconds.
  path: Assets/Art/Sound/game fx/Fx_Win.mp3
  artifactKey: Guid(02554c15be8fba1418333c54c38f9dee) Importer(815301076,1909f56bfc062723c751e8b465ee728b)
Start importing Assets/Art/Sound/game fx/Fx_Win.mp3 using Guid(02554c15be8fba1418333c54c38f9dee) Importer(815301076,1909f56bfc062723c751e8b465ee728b)  -> (artifact id: 'fdbb12b4226665fa63295bf4b02af1ab') in 0.843073 seconds 
========================================================================
Received Import Request.
  Time since last request: 0.000116 seconds.
  path: Assets/Art/Sound/game fx/Fx_Touch.mp3
  artifactKey: Guid(07069197474469f4c8d229046f93de6e) Importer(815301076,1909f56bfc062723c751e8b465ee728b)
Start importing Assets/Art/Sound/game fx/Fx_Touch.mp3 using Guid(07069197474469f4c8d229046f93de6e) Importer(815301076,1909f56bfc062723c751e8b465ee728b)  -> (artifact id: 'a187d8eac1eded14b555e300b54162d2') in 0.016454 seconds 
========================================================================
Received Import Request.
  Time since last request: 0.000081 seconds.
  path: Assets/Art/Sound/game fx/Fx_Cash.wav
  artifactKey: Guid(8f20b6fd18d9e1344bae8fabf58a2b2e) Importer(815301076,1909f56bfc062723c751e8b465ee728b)
Start importing Assets/Art/Sound/game fx/Fx_Cash.wav using Guid(8f20b6fd18d9e1344bae8fabf58a2b2e) Importer(815301076,1909f56bfc062723c751e8b465ee728b)  -> (artifact id: '89694692ee31cbe74297ba2ef57906d8') in 0.015002 seconds 
========================================================================
Received Import Request.
  Time since last request: 0.000107 seconds.
  path: Assets/Data/game/GameRoullete.asset
  artifactKey: Guid(5f1534f4ae4382f4eb50fc96bf3e998f) Importer(815301076,1909f56bfc062723c751e8b465ee728b)
Start importing Assets/Data/game/GameRoullete.asset using Guid(5f1534f4ae4382f4eb50fc96bf3e998f) Importer(815301076,1909f56bfc062723c751e8b465ee728b)  -> (artifact id: '35115f89d33fb530538439f3a29377ed') in 0.118759 seconds 
========================================================================
Received Import Request.
  Time since last request: 0.000089 seconds.
  path: Assets/Art/Sound/game fx/Fx_SpinFortune.mp3
  artifactKey: Guid(2209dbb28b36b314aa38217070612d49) Importer(815301076,1909f56bfc062723c751e8b465ee728b)
Start importing Assets/Art/Sound/game fx/Fx_SpinFortune.mp3 using Guid(2209dbb28b36b314aa38217070612d49) Importer(815301076,1909f56bfc062723c751e8b465ee728b)  -> (artifact id: '748506c16de91d7668014fd11d0e6433') in 0.012261 seconds 
========================================================================
Received Import Request.
  Time since last request: 0.000079 seconds.
  path: Assets/Art/Fonts/Casino.ttf
  artifactKey: Guid(19f9158fa31a37e449f9e096066277f4) Importer(815301076,1909f56bfc062723c751e8b465ee728b)
Start importing Assets/Art/Fonts/Casino.ttf using Guid(19f9158fa31a37e449f9e096066277f4) Importer(815301076,1909f56bfc062723c751e8b465ee728b)  -> (artifact id: 'd2a087bab7867757b72abc810b5dec45') in 0.018099 seconds 
========================================================================
Received Import Request.
  Time since last request: 0.000064 seconds.
  path: Assets/Art/Fonts/Casino3DFilledMarquee-Italic.ttf
  artifactKey: Guid(20d09ce099537cb41918f439c373cd04) Importer(815301076,1909f56bfc062723c751e8b465ee728b)
Start importing Assets/Art/Fonts/Casino3DFilledMarquee-Italic.ttf using Guid(20d09ce099537cb41918f439c373cd04) Importer(815301076,1909f56bfc062723c751e8b465ee728b)  -> (artifact id: '6da62a382d4d5a62d7c2e18970f9eb83') in 0.016770 seconds 
========================================================================
Received Prepare
Registering precompiled user dll's ...
Registered in 0.003723 seconds.
Begin MonoManager ReloadAssembly
Symbol file LoadedFromMemory doesn't match image /Users/gregoryarnal/dev/FreeLance/Lermar/Lermar/Library/PackageCache/com.unity.visualscripting@1.7.8/Editor/VisualScripting.Core/Dependencies/YamlDotNet/Unity.VisualScripting.YamlDotNet.dll
Symbol file LoadedFromMemory doesn't match image /Users/gregoryarnal/dev/FreeLance/Lermar/Lermar/Library/PackageCache/com.unity.visualscripting@1.7.8/Editor/VisualScripting.Core/Dependencies/DotNetZip/Unity.VisualScripting.IonicZip.dll
Native extension for WindowsStandalone target not found
Native extension for OSXStandalone target not found
Native extension for WebGL target not found
Refreshing native plugins compatible for Editor in 0.77 ms, found 2 plugins.
Preloading 0 native plugins for Editor in 0.00 ms.
System.Exception: Error! Visual Scripting: couldn't find visual scripting package
  at Unity.VisualScripting.PackageVersionUtility.get_version () [0x00025] in /Users/gregoryarnal/dev/FreeLance/Lermar/Lermar/Library/PackageCache/com.unity.visualscripting@1.7.8/Editor/VisualScripting.Core/Utilities/PackageVersionUtility.cs:22 
  at Unity.VisualScripting.BoltCoreManifest.get_version () [0x00000] in /Users/gregoryarnal/dev/FreeLance/Lermar/Lermar/Library/PackageCache/com.unity.visualscripting@1.7.8/Editor/VisualScripting.Core/Plugin/BoltCoreManifest.cs:11 
  at Unity.VisualScripting.PluginManifest.get_currentVersion () [0x00000] in /Users/gregoryarnal/dev/FreeLance/Lermar/Lermar/Library/PackageCache/com.unity.visualscripting@1.7.8/Editor/VisualScripting.Core/Plugins/PluginManifest.cs:33 
  at Unity.VisualScripting.PluginManifest.get_versionMismatch () [0x00000] in /Users/gregoryarnal/dev/FreeLance/Lermar/Lermar/Library/PackageCache/com.unity.visualscripting@1.7.8/Editor/VisualScripting.Core/Plugins/PluginManifest.cs:48 
  at Unity.VisualScripting.PluginContainer.Initialize () [0x0057d] in /Users/gregoryarnal/dev/FreeLance/Lermar/Lermar/Library/PackageCache/com.unity.visualscripting@1.7.8/Editor/VisualScripting.Core/Plugins/PluginContainer.cs:208 
  at Unity.VisualScripting.PluginContainer.InitializeOnLoad () [0x00012] in /Users/gregoryarnal/dev/FreeLance/Lermar/Lermar/Library/PackageCache/com.unity.visualscripting@1.7.8/Editor/VisualScripting.Core/Plugins/PluginContainer.cs:32 
  at Unity.VisualScripting.VSUsageUtility.DoInitializeOnLoadCalls () [0x00044] in /Users/gregoryarnal/dev/FreeLance/Lermar/Lermar/Library/PackageCache/com.unity.visualscripting@1.7.8/Editor/VisualScripting.Core/Utilities/VSUsageUtility.cs:76 
  at Unity.VisualScripting.VSUsageUtility.set_isVisualScriptingUsed (System.Boolean value) [0x00037] in /Users/gregoryarnal/dev/FreeLance/Lermar/Lermar/Library/PackageCache/com.unity.visualscripting@1.7.8/Editor/VisualScripting.Core/Utilities/VSUsageUtility.cs:114 
  at Unity.VisualScripting.VSUsageUtility.CheckAndSetIsVisualScriptingUsed () [0x00013] in /Users/gregoryarnal/dev/FreeLance/Lermar/Lermar/Library/PackageCache/com.unity.visualscripting@1.7.8/Editor/VisualScripting.Core/Utilities/VSUsageUtility.cs:33 
  at Unity.VisualScripting.VSUsageUtility..cctor () [0x0000d] in /Users/gregoryarnal/dev/FreeLance/Lermar/Lermar/Library/PackageCache/com.unity.visualscripting@1.7.8/Editor/VisualScripting.Core/Utilities/VSUsageUtility.cs:22 
UnityEngine.StackTraceUtility:ExtractStackTrace () (at /Users/bokken/buildslave/unity/build/Runtime/Export/Scripting/StackTrace.cs:37)
UnityEngine.DebugLogHandler:LogFormat (UnityEngine.LogType,UnityEngine.Object,string,object[])
UnityEngine.Logger:Log (UnityEngine.LogType,object)
UnityEngine.Debug:LogError (object)
UnityEditor.EditorAssemblies:ProcessInitializeOnLoadAttributes (System.Type[]) (at /Users/bokken/buildslave/unity/build/Editor/Mono/EditorAssemblies.cs:130)

(Filename: /Users/bokken/buildslave/unity/build/Editor/Mono/EditorAssemblies.cs Line: 130)

Mono: successfully reloaded assembly
- Completed reload, in  2.948 seconds
Domain Reload Profiling:
	ReloadAssembly (2949ms)
		BeginReloadAssembly (293ms)
			ExecutionOrderSort (0ms)
			DisableScriptedObjects (9ms)
			BackupInstance (0ms)
			ReleaseScriptingObjects (0ms)
			CreateAndSetChildDomain (113ms)
		EndReloadAssembly (2431ms)
			LoadAssemblies (164ms)
			RebuildTransferFunctionScriptingTraits (0ms)
			SetupTypeCache (600ms)
			ReleaseScriptCaches (3ms)
			RebuildScriptCaches (129ms)
			SetupLoadedEditorAssemblies (1104ms)
				LogAssemblyErrors (0ms)
				InitializePlatformSupportModulesInManaged (20ms)
				SetLoadedEditorAssemblies (1ms)
				RefreshPlugins (1ms)
				BeforeProcessingInitializeOnLoad (151ms)
				ProcessInitializeOnLoadAttributes (874ms)
				ProcessInitializeOnLoadMethodAttributes (55ms)
				AfterProcessingInitializeOnLoad (2ms)
				EditorAssembliesLoaded (0ms)
			ExecutionOrderSort2 (0ms)
			AwakeInstancesAfterBackupRestoration (8ms)
Platform modules already initialized, skipping
Refreshing native plugins compatible for Editor in 2.91 ms, found 2 plugins.
Preloading 0 native plugins for Editor in 0.00 ms.
Unloading 3609 Unused Serialized files (Serialized files now loaded: 0)
Unloading 17 unused Assets / (21.9 KB). Loaded Objects now: 4140.
Memory consumption went from 269.9 MB to 269.9 MB.
Total: 15.894020 ms (FindLiveObjects: 0.371015 ms CreateObjectMapping: 0.330257 ms MarkObjects: 15.159617 ms  DeleteObjects: 0.031981 ms)

AssetImportParameters requested are different than current active one (requested -> active):
  custom:video-decoder-ogg-theora: a1e56fd34408186e4bbccfd4996cb3dc -> 
  custom:container-muxer-webm: aa71ff27fc2769a1b78a27578f13a17b -> 
  custom:container-demuxer-webm: 4f35f7cbe854078d1ac9338744f61a02 -> 
  custom:video-encoder-webm-vp8: eb34c28f22e8b96e1ab97ce403110664 -> 
  custom:framework-osx-AVFoundation: e770b220cccbd017edd2c1fefb359320 -> 
  custom:audio-encoder-webm-vorbis: bf7c407c2cedff20999df2af8eb42d56 -> 
  custom:container-demuxer-ogg: 62fdf1f143b41e24485cea50d1cbac27 -> 
  custom:video-decoder-webm-vp8: 9c59270c3fd7afecdb556c50c9e8de78 -> 
  custom:audio-decoder-ogg-vorbis: bf7c407c2cedff20999df2af8eb42d56 -> 
========================================================================
Received Prepare
Registering precompiled user dll's ...
Registered in 0.002200 seconds.
Begin MonoManager ReloadAssembly
Symbol file LoadedFromMemory doesn't match image /Users/gregoryarnal/dev/FreeLance/Lermar/Lermar/Library/PackageCache/com.unity.visualscripting@1.7.8/Editor/VisualScripting.Core/Dependencies/YamlDotNet/Unity.VisualScripting.YamlDotNet.dll
Symbol file LoadedFromMemory doesn't match image /Users/gregoryarnal/dev/FreeLance/Lermar/Lermar/Library/PackageCache/com.unity.visualscripting@1.7.8/Editor/VisualScripting.Core/Dependencies/DotNetZip/Unity.VisualScripting.IonicZip.dll
Native extension for WindowsStandalone target not found
Native extension for OSXStandalone target not found
Native extension for WebGL target not found
Refreshing native plugins compatible for Editor in 1.58 ms, found 2 plugins.
Preloading 0 native plugins for Editor in 0.00 ms.
System.Exception: Error! Visual Scripting: couldn't find visual scripting package
  at Unity.VisualScripting.PackageVersionUtility.get_version () [0x00025] in /Users/gregoryarnal/dev/FreeLance/Lermar/Lermar/Library/PackageCache/com.unity.visualscripting@1.7.8/Editor/VisualScripting.Core/Utilities/PackageVersionUtility.cs:22 
  at Unity.VisualScripting.BoltCoreManifest.get_version () [0x00000] in /Users/gregoryarnal/dev/FreeLance/Lermar/Lermar/Library/PackageCache/com.unity.visualscripting@1.7.8/Editor/VisualScripting.Core/Plugin/BoltCoreManifest.cs:11 
  at Unity.VisualScripting.PluginManifest.get_currentVersion () [0x00000] in /Users/gregoryarnal/dev/FreeLance/Lermar/Lermar/Library/PackageCache/com.unity.visualscripting@1.7.8/Editor/VisualScripting.Core/Plugins/PluginManifest.cs:33 
  at Unity.VisualScripting.PluginManifest.get_versionMismatch () [0x00000] in /Users/gregoryarnal/dev/FreeLance/Lermar/Lermar/Library/PackageCache/com.unity.visualscripting@1.7.8/Editor/VisualScripting.Core/Plugins/PluginManifest.cs:48 
  at Unity.VisualScripting.PluginContainer.Initialize () [0x0057d] in /Users/gregoryarnal/dev/FreeLance/Lermar/Lermar/Library/PackageCache/com.unity.visualscripting@1.7.8/Editor/VisualScripting.Core/Plugins/PluginContainer.cs:208 
  at Unity.VisualScripting.PluginContainer.InitializeOnLoad () [0x00012] in /Users/gregoryarnal/dev/FreeLance/Lermar/Lermar/Library/PackageCache/com.unity.visualscripting@1.7.8/Editor/VisualScripting.Core/Plugins/PluginContainer.cs:32 
  at Unity.VisualScripting.VSUsageUtility.DoInitializeOnLoadCalls () [0x00044] in /Users/gregoryarnal/dev/FreeLance/Lermar/Lermar/Library/PackageCache/com.unity.visualscripting@1.7.8/Editor/VisualScripting.Core/Utilities/VSUsageUtility.cs:76 
  at Unity.VisualScripting.VSUsageUtility.set_isVisualScriptingUsed (System.Boolean value) [0x00037] in /Users/gregoryarnal/dev/FreeLance/Lermar/Lermar/Library/PackageCache/com.unity.visualscripting@1.7.8/Editor/VisualScripting.Core/Utilities/VSUsageUtility.cs:114 
  at Unity.VisualScripting.VSUsageUtility.CheckAndSetIsVisualScriptingUsed () [0x00013] in /Users/gregoryarnal/dev/FreeLance/Lermar/Lermar/Library/PackageCache/com.unity.visualscripting@1.7.8/Editor/VisualScripting.Core/Utilities/VSUsageUtility.cs:33 
  at Unity.VisualScripting.VSUsageUtility..cctor () [0x0000d] in /Users/gregoryarnal/dev/FreeLance/Lermar/Lermar/Library/PackageCache/com.unity.visualscripting@1.7.8/Editor/VisualScripting.Core/Utilities/VSUsageUtility.cs:22 
UnityEngine.StackTraceUtility:ExtractStackTrace () (at /Users/bokken/buildslave/unity/build/Runtime/Export/Scripting/StackTrace.cs:37)
UnityEngine.DebugLogHandler:LogFormat (UnityEngine.LogType,UnityEngine.Object,string,object[])
UnityEngine.Logger:Log (UnityEngine.LogType,object)
UnityEngine.Debug:LogError (object)
UnityEditor.EditorAssemblies:ProcessInitializeOnLoadAttributes (System.Type[]) (at /Users/bokken/buildslave/unity/build/Editor/Mono/EditorAssemblies.cs:130)

(Filename: /Users/bokken/buildslave/unity/build/Editor/Mono/EditorAssemblies.cs Line: 130)

Mono: successfully reloaded assembly
- Completed reload, in  3.069 seconds
Domain Reload Profiling:
	ReloadAssembly (3070ms)
		BeginReloadAssembly (252ms)
			ExecutionOrderSort (0ms)
			DisableScriptedObjects (12ms)
			BackupInstance (0ms)
			ReleaseScriptingObjects (0ms)
			CreateAndSetChildDomain (90ms)
		EndReloadAssembly (2643ms)
			LoadAssemblies (139ms)
			RebuildTransferFunctionScriptingTraits (0ms)
			SetupTypeCache (591ms)
			ReleaseScriptCaches (3ms)
			RebuildScriptCaches (158ms)
			SetupLoadedEditorAssemblies (1253ms)
				LogAssemblyErrors (0ms)
				InitializePlatformSupportModulesInManaged (25ms)
				SetLoadedEditorAssemblies (1ms)
				RefreshPlugins (2ms)
				BeforeProcessingInitializeOnLoad (158ms)
				ProcessInitializeOnLoadAttributes (995ms)
				ProcessInitializeOnLoadMethodAttributes (70ms)
				AfterProcessingInitializeOnLoad (3ms)
				EditorAssembliesLoaded (0ms)
			ExecutionOrderSort2 (0ms)
			AwakeInstancesAfterBackupRestoration (9ms)
Platform modules already initialized, skipping
Refreshing native plugins compatible for Editor in 2.40 ms, found 2 plugins.
Preloading 0 native plugins for Editor in 0.00 ms.
Unloading 3609 Unused Serialized files (Serialized files now loaded: 0)
Unloading 17 unused Assets / (21.9 KB). Loaded Objects now: 4144.
Memory consumption went from 270.1 MB to 270.1 MB.
Total: 16.439072 ms (FindLiveObjects: 0.452762 ms CreateObjectMapping: 0.412666 ms MarkObjects: 15.535041 ms  DeleteObjects: 0.037187 ms)

AssetImportParameters requested are different than current active one (requested -> active):
  custom:video-decoder-ogg-theora: a1e56fd34408186e4bbccfd4996cb3dc -> 
  custom:container-muxer-webm: aa71ff27fc2769a1b78a27578f13a17b -> 
  custom:container-demuxer-webm: 4f35f7cbe854078d1ac9338744f61a02 -> 
  custom:video-encoder-webm-vp8: eb34c28f22e8b96e1ab97ce403110664 -> 
  custom:framework-osx-AVFoundation: e770b220cccbd017edd2c1fefb359320 -> 
  custom:audio-encoder-webm-vorbis: bf7c407c2cedff20999df2af8eb42d56 -> 
  custom:container-demuxer-ogg: 62fdf1f143b41e24485cea50d1cbac27 -> 
  custom:video-decoder-webm-vp8: 9c59270c3fd7afecdb556c50c9e8de78 -> 
  custom:audio-decoder-ogg-vorbis: bf7c407c2cedff20999df2af8eb42d56 -> 
========================================================================
Received Prepare
Registering precompiled user dll's ...
Registered in 0.002591 seconds.
Begin MonoManager ReloadAssembly
Symbol file LoadedFromMemory doesn't match image /Users/gregoryarnal/dev/FreeLance/Lermar/Lermar/Library/PackageCache/com.unity.visualscripting@1.7.8/Editor/VisualScripting.Core/Dependencies/YamlDotNet/Unity.VisualScripting.YamlDotNet.dll
Symbol file LoadedFromMemory doesn't match image /Users/gregoryarnal/dev/FreeLance/Lermar/Lermar/Library/PackageCache/com.unity.visualscripting@1.7.8/Editor/VisualScripting.Core/Dependencies/DotNetZip/Unity.VisualScripting.IonicZip.dll
Native extension for WindowsStandalone target not found
Native extension for OSXStandalone target not found
Native extension for WebGL target not found
Refreshing native plugins compatible for Editor in 1.21 ms, found 2 plugins.
Preloading 0 native plugins for Editor in 0.00 ms.
System.Exception: Error! Visual Scripting: couldn't find visual scripting package
  at Unity.VisualScripting.PackageVersionUtility.get_version () [0x00025] in /Users/gregoryarnal/dev/FreeLance/Lermar/Lermar/Library/PackageCache/com.unity.visualscripting@1.7.8/Editor/VisualScripting.Core/Utilities/PackageVersionUtility.cs:22 
  at Unity.VisualScripting.BoltCoreManifest.get_version () [0x00000] in /Users/gregoryarnal/dev/FreeLance/Lermar/Lermar/Library/PackageCache/com.unity.visualscripting@1.7.8/Editor/VisualScripting.Core/Plugin/BoltCoreManifest.cs:11 
  at Unity.VisualScripting.PluginManifest.get_currentVersion () [0x00000] in /Users/gregoryarnal/dev/FreeLance/Lermar/Lermar/Library/PackageCache/com.unity.visualscripting@1.7.8/Editor/VisualScripting.Core/Plugins/PluginManifest.cs:33 
  at Unity.VisualScripting.PluginManifest.get_versionMismatch () [0x00000] in /Users/gregoryarnal/dev/FreeLance/Lermar/Lermar/Library/PackageCache/com.unity.visualscripting@1.7.8/Editor/VisualScripting.Core/Plugins/PluginManifest.cs:48 
  at Unity.VisualScripting.PluginContainer.Initialize () [0x0057d] in /Users/gregoryarnal/dev/FreeLance/Lermar/Lermar/Library/PackageCache/com.unity.visualscripting@1.7.8/Editor/VisualScripting.Core/Plugins/PluginContainer.cs:208 
  at Unity.VisualScripting.PluginContainer.InitializeOnLoad () [0x00012] in /Users/gregoryarnal/dev/FreeLance/Lermar/Lermar/Library/PackageCache/com.unity.visualscripting@1.7.8/Editor/VisualScripting.Core/Plugins/PluginContainer.cs:32 
  at Unity.VisualScripting.VSUsageUtility.DoInitializeOnLoadCalls () [0x00044] in /Users/gregoryarnal/dev/FreeLance/Lermar/Lermar/Library/PackageCache/com.unity.visualscripting@1.7.8/Editor/VisualScripting.Core/Utilities/VSUsageUtility.cs:76 
  at Unity.VisualScripting.VSUsageUtility.set_isVisualScriptingUsed (System.Boolean value) [0x00037] in /Users/gregoryarnal/dev/FreeLance/Lermar/Lermar/Library/PackageCache/com.unity.visualscripting@1.7.8/Editor/VisualScripting.Core/Utilities/VSUsageUtility.cs:114 
  at Unity.VisualScripting.VSUsageUtility.CheckAndSetIsVisualScriptingUsed () [0x00013] in /Users/gregoryarnal/dev/FreeLance/Lermar/Lermar/Library/PackageCache/com.unity.visualscripting@1.7.8/Editor/VisualScripting.Core/Utilities/VSUsageUtility.cs:33 
  at Unity.VisualScripting.VSUsageUtility..cctor () [0x0000d] in /Users/gregoryarnal/dev/FreeLance/Lermar/Lermar/Library/PackageCache/com.unity.visualscripting@1.7.8/Editor/VisualScripting.Core/Utilities/VSUsageUtility.cs:22 
UnityEngine.StackTraceUtility:ExtractStackTrace () (at /Users/bokken/buildslave/unity/build/Runtime/Export/Scripting/StackTrace.cs:37)
UnityEngine.DebugLogHandler:LogFormat (UnityEngine.LogType,UnityEngine.Object,string,object[])
UnityEngine.Logger:Log (UnityEngine.LogType,object)
UnityEngine.Debug:LogError (object)
UnityEditor.EditorAssemblies:ProcessInitializeOnLoadAttributes (System.Type[]) (at /Users/bokken/buildslave/unity/build/Editor/Mono/EditorAssemblies.cs:130)

(Filename: /Users/bokken/buildslave/unity/build/Editor/Mono/EditorAssemblies.cs Line: 130)

Mono: successfully reloaded assembly
- Completed reload, in  2.678 seconds
Domain Reload Profiling:
	ReloadAssembly (2679ms)
		BeginReloadAssembly (224ms)
			ExecutionOrderSort (0ms)
			DisableScriptedObjects (9ms)
			BackupInstance (0ms)
			ReleaseScriptingObjects (0ms)
			CreateAndSetChildDomain (74ms)
		EndReloadAssembly (2306ms)
			LoadAssemblies (128ms)
			RebuildTransferFunctionScriptingTraits (0ms)
			SetupTypeCache (463ms)
			ReleaseScriptCaches (3ms)
			RebuildScriptCaches (137ms)
			SetupLoadedEditorAssemblies (1136ms)
				LogAssemblyErrors (0ms)
				InitializePlatformSupportModulesInManaged (21ms)
				SetLoadedEditorAssemblies (1ms)
				RefreshPlugins (1ms)
				BeforeProcessingInitializeOnLoad (146ms)
				ProcessInitializeOnLoadAttributes (910ms)
				ProcessInitializeOnLoadMethodAttributes (54ms)
				AfterProcessingInitializeOnLoad (1ms)
				EditorAssembliesLoaded (0ms)
			ExecutionOrderSort2 (0ms)
			AwakeInstancesAfterBackupRestoration (8ms)
Platform modules already initialized, skipping
Refreshing native plugins compatible for Editor in 2.44 ms, found 2 plugins.
Preloading 0 native plugins for Editor in 0.00 ms.
Unloading 3609 Unused Serialized files (Serialized files now loaded: 0)
Unloading 17 unused Assets / (22.7 KB). Loaded Objects now: 4148.
Memory consumption went from 270.4 MB to 270.4 MB.
Total: 17.372065 ms (FindLiveObjects: 0.521543 ms CreateObjectMapping: 0.386999 ms MarkObjects: 16.396484 ms  DeleteObjects: 0.065708 ms)

AssetImportParameters requested are different than current active one (requested -> active):
  custom:video-decoder-ogg-theora: a1e56fd34408186e4bbccfd4996cb3dc -> 
  custom:container-muxer-webm: aa71ff27fc2769a1b78a27578f13a17b -> 
  custom:container-demuxer-webm: 4f35f7cbe854078d1ac9338744f61a02 -> 
  custom:video-encoder-webm-vp8: eb34c28f22e8b96e1ab97ce403110664 -> 
  custom:framework-osx-AVFoundation: e770b220cccbd017edd2c1fefb359320 -> 
  custom:audio-encoder-webm-vorbis: bf7c407c2cedff20999df2af8eb42d56 -> 
  custom:container-demuxer-ogg: 62fdf1f143b41e24485cea50d1cbac27 -> 
  custom:video-decoder-webm-vp8: 9c59270c3fd7afecdb556c50c9e8de78 -> 
  custom:audio-decoder-ogg-vorbis: bf7c407c2cedff20999df2af8eb42d56 -> 
